#
# There is insufficient memory for the Java Runtime Environment to continue.
# Native memory allocation (malloc) failed to allocate 142606336 bytes for committing reserved memory.
# Possible reasons:
#   The system is out of physical RAM or swap space
#   In 32 bit mode, the process size limit was hit
# Possible solutions:
#   Reduce memory load on the system
#   Increase physical memory or swap space
#   Check if swap backing store is full
#   Use 64 bit Java on a 64 bit OS
#   Decrease Java heap size (-Xmx/-Xms)
#   Decrease number of Java threads
#   Decrease Java thread stack sizes (-Xss)
#   Set larger code cache with -XX:ReservedCodeCacheSize=
# This output file may be truncated or incomplete.
#
#  Out of Memory Error (os_linux.cpp:2809), pid=14426, tid=140225452648192
#
# JRE version: OpenJDK Runtime Environment (7.0_79-b14) (build 1.7.0_79-b14)
# Java VM: OpenJDK 64-Bit Server VM (24.79-b02 mixed mode linux-amd64 compressed oops)
# Derivative: IcedTea 2.5.6
# Distribution: Ubuntu 14.04 LTS, package 7u79-2.5.6-0ubuntu1.14.04.1
# Failed to write core dump. Core dumps have been disabled. To enable core dumping, try "ulimit -c unlimited" before starting Java again
#

---------------  T H R E A D  ---------------

Current thread (0x00007f88cc075800):  VMThread [stack: 0x00007f88c83b2000,0x00007f88c84b3000] [id=14467]

Stack: [0x00007f88c83b2000,0x00007f88c84b3000],  sp=0x00007f88c84b1490,  free space=1021k
Native frames: (J=compiled Java code, j=interpreted, Vv=VM code, C=native code)
V  [libjvm.so+0x94afd5]  VMError::report_and_die()+0x175
V  [libjvm.so+0x48b9f4]  report_vm_out_of_memory(char const*, int, unsigned long, char const*)+0x74
V  [libjvm.so+0x7c809b]  os::pd_commit_memory(char*, unsigned long, unsigned long, bool)+0xeb
V  [libjvm.so+0x7c2b3f]  os::commit_memory(char*, unsigned long, unsigned long, bool)+0x1f
V  [libjvm.so+0x83503b]  PSVirtualSpace::expand_by(unsigned long)+0x5b
V  [libjvm.so+0x835e90]  PSYoungGen::resize_generation(unsigned long, unsigned long)+0xb0
V  [libjvm.so+0x83657b]  PSYoungGen::resize(unsigned long, unsigned long)+0x1b
V  [libjvm.so+0x832860]  PSScavenge::invoke_no_policy()+0xde0
V  [libjvm.so+0x833038]  PSScavenge::invoke()+0x38
V  [libjvm.so+0x7e9723]  ParallelScavengeHeap::failed_mem_allocate(unsigned long)+0x63
V  [libjvm.so+0x94c9d4]  VM_ParallelGCFailedAllocation::doit()+0x84
V  [libjvm.so+0x950ed7]  VM_Operation::evaluate()+0x47
V  [libjvm.so+0x94f848]  VMThread::evaluate_operation(VM_Operation*)+0x318
V  [libjvm.so+0x94fca9]  VMThread::loop()+0x219
V  [libjvm.so+0x9500f2]  VMThread::run()+0x72
V  [libjvm.so+0x7c4f62]  java_start(Thread*)+0xf2

VM_Operation (0x00007f88d469b770): ParallelGCFailedAllocation, mode: safepoint, requested by thread 0x00007f88cc00a800


---------------  P R O C E S S  ---------------

Java Threads: ( => current thread )
  0x00007f88cc1af000 JavaThread "pool-1-thread-4" [_thread_blocked, id=14517, stack(0x00007f88bb277000,0x00007f88bb378000)]
  0x00007f88cc1ad000 JavaThread "pool-1-thread-3" [_thread_blocked, id=14515, stack(0x00007f88bb378000,0x00007f88bb479000)]
  0x00007f88cc1aa000 JavaThread "pool-1-thread-2" [_thread_blocked, id=14513, stack(0x00007f88bb479000,0x00007f88bb57a000)]
  0x00007f88cc19e800 JavaThread "pool-2-thread-1" [_thread_blocked, id=14503, stack(0x00007f88bb57a000,0x00007f88bb67b000)]
  0x00007f88cc19b000 JavaThread "pool-1-thread-1" [_thread_blocked, id=14499, stack(0x00007f88bb67b000,0x00007f88bb77c000)]
  0x00007f88cc0b1000 JavaThread "Service Thread" daemon [_thread_blocked, id=14490, stack(0x00007f88c10ea000,0x00007f88c11eb000)]
  0x00007f88cc0af000 JavaThread "C2 CompilerThread1" daemon [_thread_blocked, id=14488, stack(0x00007f88c11eb000,0x00007f88c12ec000)]
  0x00007f88cc0ac000 JavaThread "C2 CompilerThread0" daemon [_thread_blocked, id=14486, stack(0x00007f88c12ec000,0x00007f88c13ed000)]
  0x00007f88cc0aa000 JavaThread "Signal Dispatcher" daemon [_thread_blocked, id=14485, stack(0x00007f88c80af000,0x00007f88c81b0000)]
  0x00007f88cc07c000 JavaThread "Finalizer" daemon [_thread_blocked, id=14474, stack(0x00007f88c81b0000,0x00007f88c82b1000)]
  0x00007f88cc07a000 JavaThread "Reference Handler" daemon [_thread_blocked, id=14472, stack(0x00007f88c82b1000,0x00007f88c83b2000)]
  0x00007f88cc00a800 JavaThread "main" [_thread_blocked, id=14447, stack(0x00007f88d459d000,0x00007f88d469e000)]

Other Threads:
=>0x00007f88cc075800 VMThread [stack: 0x00007f88c83b2000,0x00007f88c84b3000] [id=14467]
  0x00007f88cc0bb800 WatcherThread [stack: 0x00007f88c0fe9000,0x00007f88c10ea000] [id=14496]

VM state:at safepoint (normal execution)

VM Mutex/Monitor currently owned by a thread:  ([mutex/lock_event])
[0x00007f88cc0069b0] Threads_lock - owner thread: 0x00007f88cc075800
[0x00007f88cc006eb0] Heap_lock - owner thread: 0x00007f88cc00a800

Heap
 PSYoungGen      total 136192K, used 15336K [0x00000000eaa80000, 0x00000000f4080000, 0x0000000100000000)
  eden space 120832K, 0% used [0x00000000eaa80000,0x00000000eaa80000,0x00000000f2080000)
  from space 15360K, 99% used [0x00000000f2080000,0x00000000f2f7a2b8,0x00000000f2f80000)
  to   space 13312K, 0% used [0x00000000f2f80000,0x00000000f2f80000,0x00000000f3c80000)
 ParOldGen       total 40448K, used 39165K [0x00000000c0000000, 0x00000000c2780000, 0x00000000eaa80000)
  object space 40448K, 96% used [0x00000000c0000000,0x00000000c263f508,0x00000000c2780000)
 PSPermGen       total 21504K, used 6236K [0x00000000b5a00000, 0x00000000b6f00000, 0x00000000c0000000)
  object space 21504K, 29% used [0x00000000b5a00000,0x00000000b6017158,0x00000000b6f00000)

Card table byte_map: [0x00007f88d0f92000,0x00007f88d11e6000] byte_map_base: 0x00007f88d09e5000

Polling page: 0x00007f88d46c3000

Code Cache  [0x00007f88c9000000, 0x00007f88c9270000, 0x00007f88cc000000)
 total_blobs=717 nmethods=486 adapters=184 free_code_cache=47088Kb largest_free_block=48163904

Compilation events (10 events):
Event: 25,631 Thread 0x00007f88cc0ac000 nmethod 491 0x00007f88c916bed0 code [0x00007f88c916c160, 0x00007f88c916d090]
Event: 25,631 Thread 0x00007f88cc0ac000  492             com.android.dx.ssa.SsaBasicBlock::getPrimarySuccessorRopLabel (12 bytes)
Event: 25,633 Thread 0x00007f88cc0ac000 nmethod 492 0x00007f88c9178a90 code [0x00007f88c9178be0, 0x00007f88c9178cf8]
Event: 25,633 Thread 0x00007f88cc0ac000  493             com.android.dx.ssa.back.SsaToRop::convertBasicBlock (126 bytes)
Event: 25,647 Thread 0x00007f88cc0ac000 nmethod 493 0x00007f88c9169e90 code [0x00007f88c916a0e0, 0x00007f88c916acd8]
Event: 25,647 Thread 0x00007f88cc0ac000  494             com.android.dx.cf.code.ConcreteMethod::makeSourcePosistion (21 bytes)
Event: 25,652 Thread 0x00007f88cc0ac000 nmethod 494 0x00007f88c916ee50 code [0x00007f88c916efc0, 0x00007f88c916f338]
Event: 25,652 Thread 0x00007f88cc0ac000  495             com.android.dx.cf.code.ExecutionStack::peek (42 bytes)
Event: 25,653 Thread 0x00007f88cc0ac000 nmethod 495 0x00007f88c916eb10 code [0x00007f88c916ec60, 0x00007f88c916ed48]
Event: 25,653 Thread 0x00007f88cc0ac000  496             com.android.dx.dex.cf.CfTranslator::translate0 (259 bytes)

GC Heap History (10 events):
Event: 10,524 GC heap after
Heap after GC invocations=2 (full 0):
 PSYoungGen      total 33280K, used 2535K [0x00000000eaa80000, 0x00000000ecd80000, 0x0000000100000000)
  eden space 30720K, 0% used [0x00000000eaa80000,0x00000000eaa80000,0x00000000ec880000)
  from space 2560K, 99% used [0x00000000ecb00000,0x00000000ecd79c88,0x00000000ecd80000)
  to   space 2560K, 0% used [0x00000000ec880000,0x00000000ec880000,0x00000000ecb00000)
 ParOldGen       total 40448K, used 3373K [0x00000000c0000000, 0x00000000c2780000, 0x00000000eaa80000)
  object space 40448K, 8% used [0x00000000c0000000,0x00000000c034b6e8,0x00000000c2780000)
 PSPermGen       total 21504K, used 5951K [0x00000000b5a00000, 0x00000000b6f00000, 0x00000000c0000000)
  object space 21504K, 27% used [0x00000000b5a00000,0x00000000b5fcfd40,0x00000000b6f00000)
}
Event: 12,649 GC heap before
{Heap before GC invocations=3 (full 0):
 PSYoungGen      total 33280K, used 33255K [0x00000000eaa80000, 0x00000000ecd80000, 0x0000000100000000)
  eden space 30720K, 100% used [0x00000000eaa80000,0x00000000ec880000,0x00000000ec880000)
  from space 2560K, 99% used [0x00000000ecb00000,0x00000000ecd79c88,0x00000000ecd80000)
  to   space 2560K, 0% used [0x00000000ec880000,0x00000000ec880000,0x00000000ecb00000)
 ParOldGen       total 40448K, used 3373K [0x00000000c0000000, 0x00000000c2780000, 0x00000000eaa80000)
  object space 40448K, 8% used [0x00000000c0000000,0x00000000c034b6e8,0x00000000c2780000)
 PSPermGen       total 21504K, used 6057K [0x00000000b5a00000, 0x00000000b6f00000, 0x00000000c0000000)
  object space 21504K, 28% used [0x00000000b5a00000,0x00000000b5fea5e0,0x00000000b6f00000)
Event: 12,694 GC heap after
Heap after GC invocations=3 (full 0):
 PSYoungGen      total 33280K, used 2528K [0x00000000eaa80000, 0x00000000eeb80000, 0x0000000100000000)
  eden space 30720K, 0% used [0x00000000eaa80000,0x00000000eaa80000,0x00000000ec880000)
  from space 2560K, 98% used [0x00000000ec880000,0x00000000ecaf8048,0x00000000ecb00000)
  to   space 2560K, 0% used [0x00000000ee900000,0x00000000ee900000,0x00000000eeb80000)
 ParOldGen       total 40448K, used 8468K [0x00000000c0000000, 0x00000000c2780000, 0x00000000eaa80000)
  object space 40448K, 20% used [0x00000000c0000000,0x00000000c08451a0,0x00000000c2780000)
 PSPermGen       total 21504K, used 6057K [0x00000000b5a00000, 0x00000000b6f00000, 0x00000000c0000000)
  object space 21504K, 28% used [0x00000000b5a00000,0x00000000b5fea5e0,0x00000000b6f00000)
}
Event: 14,583 GC heap before
{Heap before GC invocations=4 (full 0):
 PSYoungGen      total 33280K, used 33248K [0x00000000eaa80000, 0x00000000eeb80000, 0x0000000100000000)
  eden space 30720K, 100% used [0x00000000eaa80000,0x00000000ec880000,0x00000000ec880000)
  from space 2560K, 98% used [0x00000000ec880000,0x00000000ecaf8048,0x00000000ecb00000)
  to   space 2560K, 0% used [0x00000000ee900000,0x00000000ee900000,0x00000000eeb80000)
 ParOldGen       total 40448K, used 8468K [0x00000000c0000000, 0x00000000c2780000, 0x00000000eaa80000)
  object space 40448K, 20% used [0x00000000c0000000,0x00000000c08451a0,0x00000000c2780000)
 PSPermGen       total 21504K, used 6088K [0x00000000b5a00000, 0x00000000b6f00000, 0x00000000c0000000)
  object space 21504K, 28% used [0x00000000b5a00000,0x00000000b5ff23b8,0x00000000b6f00000)
Event: 14,630 GC heap after
Heap after GC invocations=4 (full 0):
 PSYoungGen      total 64000K, used 2528K [0x00000000eaa80000, 0x00000000eeb80000, 0x0000000100000000)
  eden space 61440K, 0% used [0x00000000eaa80000,0x00000000eaa80000,0x00000000ee680000)
  from space 2560K, 98% used [0x00000000ee900000,0x00000000eeb78048,0x00000000eeb80000)
  to   space 2560K, 0% used [0x00000000ee680000,0x00000000ee680000,0x00000000ee900000)
 ParOldGen       total 40448K, used 13856K [0x00000000c0000000, 0x00000000c2780000, 0x00000000eaa80000)
  object space 40448K, 34% used [0x00000000c0000000,0x00000000c0d883b8,0x00000000c2780000)
 PSPermGen       total 21504K, used 6088K [0x00000000b5a00000, 0x00000000b6f00000, 0x00000000c0000000)
  object space 21504K, 28% used [0x00000000b5a00000,0x00000000b5ff23b8,0x00000000b6f00000)
}
Event: 18,730 GC heap before
{Heap before GC invocations=5 (full 0):
 PSYoungGen      total 64000K, used 63968K [0x00000000eaa80000, 0x00000000eeb80000, 0x0000000100000000)
  eden space 61440K, 100% used [0x00000000eaa80000,0x00000000ee680000,0x00000000ee680000)
  from space 2560K, 98% used [0x00000000ee900000,0x00000000eeb78048,0x00000000eeb80000)
  to   space 2560K, 0% used [0x00000000ee680000,0x00000000ee680000,0x00000000ee900000)
 ParOldGen       total 40448K, used 13856K [0x00000000c0000000, 0x00000000c2780000, 0x00000000eaa80000)
  object space 40448K, 34% used [0x00000000c0000000,0x00000000c0d883b8,0x00000000c2780000)
 PSPermGen       total 21504K, used 6144K [0x00000000b5a00000, 0x00000000b6f00000, 0x00000000c0000000)
  object space 21504K, 28% used [0x00000000b5a00000,0x00000000b6000370,0x00000000b6f00000)
Event: 20,638 GC heap after
Heap after GC invocations=5 (full 0):
 PSYoungGen      total 64000K, used 2559K [0x00000000eaa80000, 0x00000000f3c80000, 0x0000000100000000)
  eden space 61440K, 0% used [0x00000000eaa80000,0x00000000eaa80000,0x00000000ee680000)
  from space 2560K, 99% used [0x00000000ee680000,0x00000000ee8ffe20,0x00000000ee900000)
  to   space 13312K, 0% used [0x00000000f2f80000,0x00000000f2f80000,0x00000000f3c80000)
 ParOldGen       total 40448K, used 23963K [0x00000000c0000000, 0x00000000c2780000, 0x00000000eaa80000)
  object space 40448K, 59% used [0x00000000c0000000,0x00000000c1766ca8,0x00000000c2780000)
 PSPermGen       total 21504K, used 6144K [0x00000000b5a00000, 0x00000000b6f00000, 0x00000000c0000000)
  object space 21504K, 28% used [0x00000000b5a00000,0x00000000b6000370,0x00000000b6f00000)
}
Event: 21,982 GC heap before
{Heap before GC invocations=6 (full 0):
 PSYoungGen      total 64000K, used 63999K [0x00000000eaa80000, 0x00000000f3c80000, 0x0000000100000000)
  eden space 61440K, 100% used [0x00000000eaa80000,0x00000000ee680000,0x00000000ee680000)
  from space 2560K, 99% used [0x00000000ee680000,0x00000000ee8ffe20,0x00000000ee900000)
  to   space 13312K, 0% used [0x00000000f2f80000,0x00000000f2f80000,0x00000000f3c80000)
 ParOldGen       total 40448K, used 23963K [0x00000000c0000000, 0x00000000c2780000, 0x00000000eaa80000)
  object space 40448K, 59% used [0x00000000c0000000,0x00000000c1766ca8,0x00000000c2780000)
 PSPermGen       total 21504K, used 6163K [0x00000000b5a00000, 0x00000000b6f00000, 0x00000000c0000000)
  object space 21504K, 28% used [0x00000000b5a00000,0x00000000b6004f98,0x00000000b6f00000)
Event: 22,043 GC heap after
Heap after GC invocations=6 (full 0):
 PSYoungGen      total 134144K, used 12545K [0x00000000eaa80000, 0x00000000f4080000, 0x0000000100000000)
  eden space 120832K, 0% used [0x00000000eaa80000,0x00000000eaa80000,0x00000000f2080000)
  from space 13312K, 94% used [0x00000000f2f80000,0x00000000f3bc0568,0x00000000f3c80000)
  to   space 15360K, 0% used [0x00000000f2080000,0x00000000f2080000,0x00000000f2f80000)
 ParOldGen       total 40448K, used 23963K [0x00000000c0000000, 0x00000000c2780000, 0x00000000eaa80000)
  object space 40448K, 59% used [0x00000000c0000000,0x00000000c1766ca8,0x00000000c2780000)
 PSPermGen       total 21504K, used 6163K [0x00000000b5a00000, 0x00000000b6f00000, 0x00000000c0000000)
  object space 21504K, 28% used [0x00000000b5a00000,0x00000000b6004f98,0x00000000b6f00000)
}
Event: 26,593 GC heap before
{Heap before GC invocations=7 (full 0):
 PSYoungGen      total 134144K, used 133377K [0x00000000eaa80000, 0x00000000f4080000, 0x0000000100000000)
  eden space 120832K, 100% used [0x00000000eaa80000,0x00000000f2080000,0x00000000f2080000)
  from space 13312K, 94% used [0x00000000f2f80000,0x00000000f3bc0568,0x00000000f3c80000)
  to   space 15360K, 0% used [0x00000000f2080000,0x00000000f2080000,0x00000000f2f80000)
 ParOldGen       total 40448K, used 23963K [0x00000000c0000000, 0x00000000c2780000, 0x00000000eaa80000)
  object space 40448K, 59% used [0x00000000c0000000,0x00000000c1766ca8,0x00000000c2780000)
 PSPermGen       total 21504K, used 6236K [0x00000000b5a00000, 0x00000000b6f00000, 0x00000000c0000000)
  object space 21504K, 29% used [0x00000000b5a00000,0x00000000b6017158,0x00000000b6f00000)

Deoptimization events (10 events):
Event: 14,472 Thread 0x00007f88cc19b000 Uncommon trap: reason=unreached action=reinterpret pc=0x00007f88c907fa64 method=com.android.dx.rop.code.LocalItem.compareHandlesNulls(Lcom/android/dx/rop/cst/CstString;Lcom/android/dx/rop/cst/CstString;)I @ 14
Event: 17,470 Thread 0x00007f88cc19b000 Uncommon trap: reason=null_check action=make_not_entrant pc=0x00007f88c9127b9c method=com.android.dx.cf.code.Ropper$CatchInfo.getSetup(Lcom/android/dx/rop/type/Type;)Lcom/android/dx/cf/code/Ropper$ExceptionHandlerSetup; @ 10
Event: 17,473 Thread 0x00007f88cc19b000 Uncommon trap: reason=null_check action=make_not_entrant pc=0x00007f88c908bc10 method=com.android.dx.rop.type.Type.equals(Ljava/lang/Object;)Z @ 8
Event: 20,942 Thread 0x00007f88cc00a800 Uncommon trap: reason=bimorphic action=maybe_recompile pc=0x00007f88c9167d50 method=com.android.dx.cf.code.BytecodeArray.parseInstruction(ILcom/android/dx/cf/code/BytecodeArray$Visitor;)I @ 955
Event: 20,942 Thread 0x00007f88cc00a800 Uncommon trap: reason=bimorphic action=maybe_recompile pc=0x00007f88c9169304 method=com.android.dx.cf.code.BytecodeArray.parseInstruction(ILcom/android/dx/cf/code/BytecodeArray$Visitor;)I @ 907
Event: 20,942 Thread 0x00007f88cc00a800 Uncommon trap: reason=bimorphic action=maybe_recompile pc=0x00007f88c91682e8 method=com.android.dx.cf.code.BytecodeArray.parseInstruction(ILcom/android/dx/cf/code/BytecodeArray$Visitor;)I @ 1224
Event: 20,942 Thread 0x00007f88cc00a800 Uncommon trap: reason=bimorphic action=maybe_recompile pc=0x00007f88c9169288 method=com.android.dx.cf.code.BytecodeArray.parseInstruction(ILcom/android/dx/cf/code/BytecodeArray$Visitor;)I @ 923
Event: 20,942 Thread 0x00007f88cc00a800 Uncommon trap: reason=bimorphic action=maybe_recompile pc=0x00007f88c91682e8 method=com.android.dx.cf.code.BytecodeArray.parseInstruction(ILcom/android/dx/cf/code/BytecodeArray$Visitor;)I @ 1224
Event: 20,950 Thread 0x00007f88cc00a800 Uncommon trap: reason=null_check action=make_not_entrant pc=0x00007f88c918485c method=com.android.dx.rop.type.Type.putIntern(Lcom/android/dx/rop/type/Type;)Lcom/android/dx/rop/type/Type; @ 18
Event: 22,626 Thread 0x00007f88cc1af000 Uncommon trap: reason=unreached action=reinterpret pc=0x00007f88c91b5770 method=com.android.dx.ssa.PhiTypeResolver.resolveResultType(Lcom/android/dx/ssa/PhiInsn;)Z @ 280

Internal exceptions (10 events):
Event: 11,443 Thread 0x00007f88cc1af000 Threw 0x00000000eb83f8f0 at /build/openjdk-7-FO0dNI/openjdk-7-7u79-2.5.6/build/openjdk/hotspot/src/share/vm/prims/jvm.cpp:1284
Event: 11,588 Thread 0x00007f88cc00a800 Threw 0x00000000eba3a6e0 at /build/openjdk-7-FO0dNI/openjdk-7-7u79-2.5.6/build/openjdk/hotspot/src/share/vm/prims/jvm.cpp:1284
Event: 13,827 Thread 0x00007f88cc1af000 Threw 0x00000000ebd0c068 at /build/openjdk-7-FO0dNI/openjdk-7-7u79-2.5.6/build/openjdk/hotspot/src/share/vm/prims/jvm.cpp:1284
Event: 14,472 Thread 0x00007f88cc19b000 Implicit null exception at 0x00007f88c90d34c6 to 0x00007f88c90d3651
Event: 14,472 Thread 0x00007f88cc19b000 Implicit null exception at 0x00007f88c907f93c to 0x00007f88c907fa51
Event: 17,470 Thread 0x00007f88cc19b000 Implicit null exception at 0x00007f88c9123d69 to 0x00007f88c9127b55
Event: 17,473 Thread 0x00007f88cc19b000 Implicit null exception at 0x00007f88c908bb12 to 0x00007f88c908bc03
Event: 18,709 Thread 0x00007f88cc00a800 Threw 0x00000000ee406aa0 at /build/openjdk-7-FO0dNI/openjdk-7-7u79-2.5.6/build/openjdk/hotspot/src/share/vm/prims/jvm.cpp:1284
Event: 20,781 Thread 0x00007f88cc00a800 Threw 0x00000000eaa8a3d8 at /build/openjdk-7-FO0dNI/openjdk-7-7u79-2.5.6/build/openjdk/hotspot/src/share/vm/prims/jvm.cpp:1284
Event: 20,950 Thread 0x00007f88cc00a800 Implicit null exception at 0x00007f88c9184123 to 0x00007f88c918484d

Events (10 events):
Event: 21,977 Executing VM operation: ParallelGCFailedAllocation
Event: 22,043 Executing VM operation: ParallelGCFailedAllocation done
Event: 22,410 Thread 0x00007f88cc0ac000 flushing nmethod 0x00007f88c908b990
Event: 22,495 Thread 0x00007f88cc0ac000 flushing nmethod 0x00007f88c9121250
Event: 22,626 Thread 0x00007f88cc1af000 Uncommon trap: trap_request=0xffffffad fr.pc=0x00007f88c91b5770
Event: 22,626 Thread 0x00007f88cc1af000 DEOPT PACKING pc=0x00007f88c91b5770 sp=0x00007f88bb376230
Event: 22,626 Thread 0x00007f88cc1af000 DEOPT UNPACKING pc=0x00007f88c9039445 sp=0x00007f88bb376150 mode 2
Event: 24,142 Thread 0x00007f88cc0ac000 flushing nmethod 0x00007f88c9164b10
Event: 24,142 Thread 0x00007f88cc0ac000 flushing nmethod 0x00007f88c9183a10
Event: 26,542 Executing VM operation: ParallelGCFailedAllocation


Dynamic libraries:
00400000-00401000 r-xp 00000000 08:09 816939                             /usr/lib/jvm/java-7-openjdk-amd64/jre/bin/java
00600000-00601000 r--p 00000000 08:09 816939                             /usr/lib/jvm/java-7-openjdk-amd64/jre/bin/java
00601000-00602000 rw-p 00001000 08:09 816939                             /usr/lib/jvm/java-7-openjdk-amd64/jre/bin/java
013b1000-013d2000 rw-p 00000000 00:00 0                                  [heap]
b5a00000-b6f00000 rw-p 00000000 00:00 0 
b6f00000-c0000000 rw-p 00000000 00:00 0 
c0000000-c2780000 rw-p 00000000 00:00 0 
c2780000-eaa80000 rw-p 00000000 00:00 0 
eaa80000-f4080000 rw-p 00000000 00:00 0 
fc880000-100000000 rw-p 00000000 00:00 0 
7f8874000000-7f8874021000 rw-p 00000000 00:00 0 
7f8874021000-7f8878000000 ---p 00000000 00:00 0 
7f887c000000-7f887c025000 rw-p 00000000 00:00 0 
7f887c025000-7f8880000000 ---p 00000000 00:00 0 
7f8880000000-7f8880021000 rw-p 00000000 00:00 0 
7f8880021000-7f8884000000 ---p 00000000 00:00 0 
7f8884000000-7f888403f000 rw-p 00000000 00:00 0 
7f888403f000-7f8888000000 ---p 00000000 00:00 0 
7f8888000000-7f8888021000 rw-p 00000000 00:00 0 
7f8888021000-7f888c000000 ---p 00000000 00:00 0 
7f888c000000-7f888c021000 rw-p 00000000 00:00 0 
7f888c021000-7f8890000000 ---p 00000000 00:00 0 
7f8890000000-7f8890021000 rw-p 00000000 00:00 0 
7f8890021000-7f8894000000 ---p 00000000 00:00 0 
7f8894000000-7f8895814000 rw-p 00000000 00:00 0 
7f8895814000-7f8898000000 ---p 00000000 00:00 0 
7f8898000000-7f88991af000 rw-p 00000000 00:00 0 
7f88991af000-7f889c000000 ---p 00000000 00:00 0 
7f889c000000-7f889c021000 rw-p 00000000 00:00 0 
7f889c021000-7f88a0000000 ---p 00000000 00:00 0 
7f88a0000000-7f88a0021000 rw-p 00000000 00:00 0 
7f88a0021000-7f88a4000000 ---p 00000000 00:00 0 
7f88a4000000-7f88a4241000 rw-p 00000000 00:00 0 
7f88a4241000-7f88a8000000 ---p 00000000 00:00 0 
7f88a8000000-7f88a8021000 rw-p 00000000 00:00 0 
7f88a8021000-7f88ac000000 ---p 00000000 00:00 0 
7f88ac000000-7f88ac021000 rw-p 00000000 00:00 0 
7f88ac021000-7f88b0000000 ---p 00000000 00:00 0 
7f88b4000000-7f88b4021000 rw-p 00000000 00:00 0 
7f88b4021000-7f88b8000000 ---p 00000000 00:00 0 
7f88bb277000-7f88bb27a000 ---p 00000000 00:00 0 
7f88bb27a000-7f88bb378000 rw-p 00000000 00:00 0                          [stack:14517]
7f88bb378000-7f88bb37b000 ---p 00000000 00:00 0 
7f88bb37b000-7f88bb479000 rw-p 00000000 00:00 0                          [stack:14515]
7f88bb479000-7f88bb47c000 ---p 00000000 00:00 0 
7f88bb47c000-7f88bb57a000 rw-p 00000000 00:00 0                          [stack:14513]
7f88bb57a000-7f88bb57d000 ---p 00000000 00:00 0 
7f88bb57d000-7f88bb67b000 rw-p 00000000 00:00 0                          [stack:14503]
7f88bb67b000-7f88bb67e000 ---p 00000000 00:00 0 
7f88bb67e000-7f88bb77c000 rw-p 00000000 00:00 0                          [stack:14499]
7f88bb77c000-7f88bb7b9000 r-xp 00000000 08:09 920089                     /lib/x86_64-linux-gnu/libpcre.so.3.13.1
7f88bb7b9000-7f88bb9b8000 ---p 0003d000 08:09 920089                     /lib/x86_64-linux-gnu/libpcre.so.3.13.1
7f88bb9b8000-7f88bb9b9000 r--p 0003c000 08:09 920089                     /lib/x86_64-linux-gnu/libpcre.so.3.13.1
7f88bb9b9000-7f88bb9ba000 rw-p 0003d000 08:09 920089                     /lib/x86_64-linux-gnu/libpcre.so.3.13.1
7f88bb9ba000-7f88bb9c1000 r-xp 00000000 08:09 533812                     /usr/lib/x86_64-linux-gnu/libffi.so.6.0.1
7f88bb9c1000-7f88bbbc0000 ---p 00007000 08:09 533812                     /usr/lib/x86_64-linux-gnu/libffi.so.6.0.1
7f88bbbc0000-7f88bbbc1000 r--p 00006000 08:09 533812                     /usr/lib/x86_64-linux-gnu/libffi.so.6.0.1
7f88bbbc1000-7f88bbbc2000 rw-p 00007000 08:09 533812                     /usr/lib/x86_64-linux-gnu/libffi.so.6.0.1
7f88bbbc2000-7f88bbbd9000 r-xp 00000000 08:09 924493                     /lib/x86_64-linux-gnu/libresolv-2.19.so
7f88bbbd9000-7f88bbdd9000 ---p 00017000 08:09 924493                     /lib/x86_64-linux-gnu/libresolv-2.19.so
7f88bbdd9000-7f88bbdda000 r--p 00017000 08:09 924493                     /lib/x86_64-linux-gnu/libresolv-2.19.so
7f88bbdda000-7f88bbddb000 rw-p 00018000 08:09 924493                     /lib/x86_64-linux-gnu/libresolv-2.19.so
7f88bbddb000-7f88bbddd000 rw-p 00000000 00:00 0 
7f88bbddd000-7f88bbdfd000 r-xp 00000000 08:09 920116                     /lib/x86_64-linux-gnu/libselinux.so.1
7f88bbdfd000-7f88bbffc000 ---p 00020000 08:09 920116                     /lib/x86_64-linux-gnu/libselinux.so.1
7f88bbffc000-7f88bbffd000 r--p 0001f000 08:09 920116                     /lib/x86_64-linux-gnu/libselinux.so.1
7f88bbffd000-7f88bbffe000 rw-p 00020000 08:09 920116                     /lib/x86_64-linux-gnu/libselinux.so.1
7f88bbffe000-7f88bc000000 rw-p 00000000 00:00 0 
7f88bc000000-7f88bc021000 rw-p 00000000 00:00 0 
7f88bc021000-7f88c0000000 ---p 00000000 00:00 0 
7f88c00ef000-7f88c00f2000 r-xp 00000000 08:09 523629                     /usr/lib/x86_64-linux-gnu/libgmodule-2.0.so.0.4002.0
7f88c00f2000-7f88c02f1000 ---p 00003000 08:09 523629                     /usr/lib/x86_64-linux-gnu/libgmodule-2.0.so.0.4002.0
7f88c02f1000-7f88c02f2000 r--p 00002000 08:09 523629                     /usr/lib/x86_64-linux-gnu/libgmodule-2.0.so.0.4002.0
7f88c02f2000-7f88c02f3000 rw-p 00003000 08:09 523629                     /usr/lib/x86_64-linux-gnu/libgmodule-2.0.so.0.4002.0
7f88c02f3000-7f88c03f9000 r-xp 00000000 08:09 922967                     /lib/x86_64-linux-gnu/libglib-2.0.so.0.4002.0
7f88c03f9000-7f88c05f8000 ---p 00106000 08:09 922967                     /lib/x86_64-linux-gnu/libglib-2.0.so.0.4002.0
7f88c05f8000-7f88c05f9000 r--p 00105000 08:09 922967                     /lib/x86_64-linux-gnu/libglib-2.0.so.0.4002.0
7f88c05f9000-7f88c05fa000 rw-p 00106000 08:09 922967                     /lib/x86_64-linux-gnu/libglib-2.0.so.0.4002.0
7f88c05fa000-7f88c05fb000 rw-p 00000000 00:00 0 
7f88c05fb000-7f88c064a000 r-xp 00000000 08:09 523647                     /usr/lib/x86_64-linux-gnu/libgobject-2.0.so.0.4002.0
7f88c064a000-7f88c084a000 ---p 0004f000 08:09 523647                     /usr/lib/x86_64-linux-gnu/libgobject-2.0.so.0.4002.0
7f88c084a000-7f88c084b000 r--p 0004f000 08:09 523647                     /usr/lib/x86_64-linux-gnu/libgobject-2.0.so.0.4002.0
7f88c084b000-7f88c084c000 rw-p 00050000 08:09 523647                     /usr/lib/x86_64-linux-gnu/libgobject-2.0.so.0.4002.0
7f88c084c000-7f88c09b8000 r-xp 00000000 08:09 523651                     /usr/lib/x86_64-linux-gnu/libgio-2.0.so.0.4002.0
7f88c09b8000-7f88c0bb7000 ---p 0016c000 08:09 523651                     /usr/lib/x86_64-linux-gnu/libgio-2.0.so.0.4002.0
7f88c0bb7000-7f88c0bbb000 r--p 0016b000 08:09 523651                     /usr/lib/x86_64-linux-gnu/libgio-2.0.so.0.4002.0
7f88c0bbb000-7f88c0bbd000 rw-p 0016f000 08:09 523651                     /usr/lib/x86_64-linux-gnu/libgio-2.0.so.0.4002.0
7f88c0bbd000-7f88c0bbf000 rw-p 00000000 00:00 0 
7f88c0bbf000-7f88c0bd6000 r-xp 00000000 08:09 816922                     /usr/lib/jvm/java-7-openjdk-amd64/jre/lib/amd64/libnet.so
7f88c0bd6000-7f88c0dd5000 ---p 00017000 08:09 816922                     /usr/lib/jvm/java-7-openjdk-amd64/jre/lib/amd64/libnet.so
7f88c0dd5000-7f88c0dd6000 r--p 00016000 08:09 816922                     /usr/lib/jvm/java-7-openjdk-amd64/jre/lib/amd64/libnet.so
7f88c0dd6000-7f88c0dd7000 rw-p 00017000 08:09 816922                     /usr/lib/jvm/java-7-openjdk-amd64/jre/lib/amd64/libnet.so
7f88c0dd7000-7f88c0de7000 r-xp 00000000 08:09 816927                     /usr/lib/jvm/java-7-openjdk-amd64/jre/lib/amd64/libnio.so
7f88c0de7000-7f88c0fe7000 ---p 00010000 08:09 816927                     /usr/lib/jvm/java-7-openjdk-amd64/jre/lib/amd64/libnio.so
7f88c0fe7000-7f88c0fe8000 r--p 00010000 08:09 816927                     /usr/lib/jvm/java-7-openjdk-amd64/jre/lib/amd64/libnio.so
7f88c0fe8000-7f88c0fe9000 rw-p 00011000 08:09 816927                     /usr/lib/jvm/java-7-openjdk-amd64/jre/lib/amd64/libnio.so
7f88c0fe9000-7f88c0fea000 ---p 00000000 00:00 0 
7f88c0fea000-7f88c10ea000 rw-p 00000000 00:00 0                          [stack:14496]
7f88c10ea000-7f88c10ed000 ---p 00000000 00:00 0 
7f88c10ed000-7f88c11eb000 rw-p 00000000 00:00 0                          [stack:14490]
7f88c11eb000-7f88c11ee000 ---p 00000000 00:00 0 
7f88c11ee000-7f88c12ec000 rw-p 00000000 00:00 0                          [stack:14488]
7f88c12ec000-7f88c12ef000 ---p 00000000 00:00 0 
7f88c12ef000-7f88c13ed000 rw-p 00000000 00:00 0                          [stack:14486]
7f88c13ed000-7f88c1ad0000 r--p 00000000 08:09 531475                     /usr/lib/locale/locale-archive
7f88c1ad0000-7f88c4000000 rw-p 00000000 00:00 0 
7f88c4000000-7f88c4021000 rw-p 00000000 00:00 0 
7f88c4021000-7f88c8000000 ---p 00000000 00:00 0 
7f88c805d000-7f88c808e000 rw-p 00000000 00:00 0 
7f88c80af000-7f88c80b2000 ---p 00000000 00:00 0 
7f88c80b2000-7f88c81b0000 rw-p 00000000 00:00 0                          [stack:14485]
7f88c81b0000-7f88c81b3000 ---p 00000000 00:00 0 
7f88c81b3000-7f88c82b1000 rw-p 00000000 00:00 0                          [stack:14474]
7f88c82b1000-7f88c82b4000 ---p 00000000 00:00 0 
7f88c82b4000-7f88c83b2000 rw-p 00000000 00:00 0                          [stack:14472]
7f88c83b2000-7f88c83b3000 ---p 00000000 00:00 0 
7f88c83b3000-7f88c9000000 rw-p 00000000 00:00 0                          [stack:14467]
7f88c9000000-7f88c9270000 rwxp 00000000 00:00 0 
7f88c9270000-7f88cc1e4000 rw-p 00000000 00:00 0 
7f88cc1e4000-7f88d0000000 ---p 00000000 00:00 0 
7f88d000b000-7f88d0020000 r--s 000e5000 08:09 848767                     /home/alif/AndroidStudioProjects/MyNote++/app/build/intermediates/exploded-aar/com.android.support/support-v4/23.1.1/jars/classes.jar
7f88d0020000-7f88d04d0000 rw-p 00000000 00:00 0 
7f88d04d0000-7f88d0681000 r--s 01d29000 08:09 682097                     /usr/lib/jvm/java-7-openjdk-amd64/jre/lib/rt.jar
7f88d0681000-7f88d09e5000 rw-p 00000000 00:00 0 
7f88d09e5000-7f88d09e6000 ---p 00000000 00:00 0 
7f88d09e6000-7f88d0ae6000 rw-p 00000000 00:00 0                          [stack:14464]
7f88d0ae6000-7f88d0ae7000 ---p 00000000 00:00 0 
7f88d0ae7000-7f88d0be7000 rw-p 00000000 00:00 0                          [stack:14459]
7f88d0be7000-7f88d0be8000 ---p 00000000 00:00 0 
7f88d0be8000-7f88d0ce8000 rw-p 00000000 00:00 0                          [stack:14456]
7f88d0ce8000-7f88d0ce9000 ---p 00000000 00:00 0 
7f88d0ce9000-7f88d0df4000 rw-p 00000000 00:00 0                          [stack:14449]
7f88d0df4000-7f88d0e3c000 rw-p 00000000 00:00 0 
7f88d0e3c000-7f88d0e50000 rw-p 00000000 00:00 0 
7f88d0e50000-7f88d0f92000 rw-p 00000000 00:00 0 
7f88d0f92000-7f88d0f9d000 rw-p 00000000 00:00 0 
7f88d0f9d000-7f88d0fe5000 rw-p 00000000 00:00 0 
7f88d0fe5000-7f88d0ff9000 rw-p 00000000 00:00 0 
7f88d0ff9000-7f88d113a000 rw-p 00000000 00:00 0 
7f88d113a000-7f88d1186000 rw-p 00000000 00:00 0 
7f88d1186000-7f88d11e5000 rw-p 00000000 00:00 0 
7f88d11e5000-7f88d11e6000 rw-p 00000000 00:00 0 
7f88d11e6000-7f88d11ee000 r-xp 00000000 08:09 816894                     /usr/lib/jvm/java-7-openjdk-amd64/jre/lib/amd64/libzip.so
7f88d11ee000-7f88d13ed000 ---p 00008000 08:09 816894                     /usr/lib/jvm/java-7-openjdk-amd64/jre/lib/amd64/libzip.so
7f88d13ed000-7f88d13ee000 r--p 00007000 08:09 816894                     /usr/lib/jvm/java-7-openjdk-amd64/jre/lib/amd64/libzip.so
7f88d13ee000-7f88d13ef000 rw-p 00008000 08:09 816894                     /usr/lib/jvm/java-7-openjdk-amd64/jre/lib/amd64/libzip.so
7f88d13ef000-7f88d13fa000 r-xp 00000000 08:09 924495                     /lib/x86_64-linux-gnu/libnss_files-2.19.so
7f88d13fa000-7f88d15f9000 ---p 0000b000 08:09 924495                     /lib/x86_64-linux-gnu/libnss_files-2.19.so
7f88d15f9000-7f88d15fa000 r--p 0000a000 08:09 924495                     /lib/x86_64-linux-gnu/libnss_files-2.19.so
7f88d15fa000-7f88d15fb000 rw-p 0000b000 08:09 924495                     /lib/x86_64-linux-gnu/libnss_files-2.19.so
7f88d15fb000-7f88d1606000 r-xp 00000000 08:09 924515                     /lib/x86_64-linux-gnu/libnss_nis-2.19.so
7f88d1606000-7f88d1805000 ---p 0000b000 08:09 924515                     /lib/x86_64-linux-gnu/libnss_nis-2.19.so
7f88d1805000-7f88d1806000 r--p 0000a000 08:09 924515                     /lib/x86_64-linux-gnu/libnss_nis-2.19.so
7f88d1806000-7f88d1807000 rw-p 0000b000 08:09 924515                     /lib/x86_64-linux-gnu/libnss_nis-2.19.so
7f88d1807000-7f88d181e000 r-xp 00000000 08:09 924504                     /lib/x86_64-linux-gnu/libnsl-2.19.so
7f88d181e000-7f88d1a1d000 ---p 00017000 08:09 924504                     /lib/x86_64-linux-gnu/libnsl-2.19.so
7f88d1a1d000-7f88d1a1e000 r--p 00016000 08:09 924504                     /lib/x86_64-linux-gnu/libnsl-2.19.so
7f88d1a1e000-7f88d1a1f000 rw-p 00017000 08:09 924504                     /lib/x86_64-linux-gnu/libnsl-2.19.so
7f88d1a1f000-7f88d1a21000 rw-p 00000000 00:00 0 
7f88d1a21000-7f88d1a2a000 r-xp 00000000 08:09 924503                     /lib/x86_64-linux-gnu/libnss_compat-2.19.so
7f88d1a2a000-7f88d1c29000 ---p 00009000 08:09 924503                     /lib/x86_64-linux-gnu/libnss_compat-2.19.so
7f88d1c29000-7f88d1c2a000 r--p 00008000 08:09 924503                     /lib/x86_64-linux-gnu/libnss_compat-2.19.so
7f88d1c2a000-7f88d1c2b000 rw-p 00009000 08:09 924503                     /lib/x86_64-linux-gnu/libnss_compat-2.19.so
7f88d1c2b000-7f88d1c56000 r-xp 00000000 08:09 816930                     /usr/lib/jvm/java-7-openjdk-amd64/jre/lib/amd64/libjava.so
7f88d1c56000-7f88d1e55000 ---p 0002b000 08:09 816930                     /usr/lib/jvm/java-7-openjdk-amd64/jre/lib/amd64/libjava.so
7f88d1e55000-7f88d1e56000 r--p 0002a000 08:09 816930                     /usr/lib/jvm/java-7-openjdk-amd64/jre/lib/amd64/libjava.so
7f88d1e56000-7f88d1e58000 rw-p 0002b000 08:09 816930                     /usr/lib/jvm/java-7-openjdk-amd64/jre/lib/amd64/libjava.so
7f88d1e58000-7f88d1e68000 r-xp 00000000 08:09 816912                     /usr/lib/jvm/java-7-openjdk-amd64/jre/lib/amd64/libverify.so
7f88d1e68000-7f88d2067000 ---p 00010000 08:09 816912                     /usr/lib/jvm/java-7-openjdk-amd64/jre/lib/amd64/libverify.so
7f88d2067000-7f88d2069000 r--p 0000f000 08:09 816912                     /usr/lib/jvm/java-7-openjdk-amd64/jre/lib/amd64/libverify.so
7f88d2069000-7f88d206a000 rw-p 00011000 08:09 816912                     /usr/lib/jvm/java-7-openjdk-amd64/jre/lib/amd64/libverify.so
7f88d206a000-7f88d2071000 r-xp 00000000 08:09 924512                     /lib/x86_64-linux-gnu/librt-2.19.so
7f88d2071000-7f88d2270000 ---p 00007000 08:09 924512                     /lib/x86_64-linux-gnu/librt-2.19.so
7f88d2270000-7f88d2271000 r--p 00006000 08:09 924512                     /lib/x86_64-linux-gnu/librt-2.19.so
7f88d2271000-7f88d2272000 rw-p 00007000 08:09 924512                     /lib/x86_64-linux-gnu/librt-2.19.so
7f88d2272000-7f88d2288000 r-xp 00000000 08:09 915742                     /lib/x86_64-linux-gnu/libgcc_s.so.1
7f88d2288000-7f88d2487000 ---p 00016000 08:09 915742                     /lib/x86_64-linux-gnu/libgcc_s.so.1
7f88d2487000-7f88d2488000 rw-p 00015000 08:09 915742                     /lib/x86_64-linux-gnu/libgcc_s.so.1
7f88d2488000-7f88d258d000 r-xp 00000000 08:09 924494                     /lib/x86_64-linux-gnu/libm-2.19.so
7f88d258d000-7f88d278c000 ---p 00105000 08:09 924494                     /lib/x86_64-linux-gnu/libm-2.19.so
7f88d278c000-7f88d278d000 r--p 00104000 08:09 924494                     /lib/x86_64-linux-gnu/libm-2.19.so
7f88d278d000-7f88d278e000 rw-p 00105000 08:09 924494                     /lib/x86_64-linux-gnu/libm-2.19.so
7f88d278e000-7f88d2874000 r-xp 00000000 08:09 525288                     /usr/lib/x86_64-linux-gnu/libstdc++.so.6.0.19
7f88d2874000-7f88d2a73000 ---p 000e6000 08:09 525288                     /usr/lib/x86_64-linux-gnu/libstdc++.so.6.0.19
7f88d2a73000-7f88d2a7b000 r--p 000e5000 08:09 525288                     /usr/lib/x86_64-linux-gnu/libstdc++.so.6.0.19
7f88d2a7b000-7f88d2a7d000 rw-p 000ed000 08:09 525288                     /usr/lib/x86_64-linux-gnu/libstdc++.so.6.0.19
7f88d2a7d000-7f88d2a92000 rw-p 00000000 00:00 0 
7f88d2a92000-7f88d35ab000 r-xp 00000000 08:09 816900                     /usr/lib/jvm/java-7-openjdk-amd64/jre/lib/amd64/server/libjvm.so
7f88d35ab000-7f88d37ab000 ---p 00b19000 08:09 816900                     /usr/lib/jvm/java-7-openjdk-amd64/jre/lib/amd64/server/libjvm.so
7f88d37ab000-7f88d3845000 r--p 00b19000 08:09 816900                     /usr/lib/jvm/java-7-openjdk-amd64/jre/lib/amd64/server/libjvm.so
7f88d3845000-7f88d3868000 rw-p 00bb3000 08:09 816900                     /usr/lib/jvm/java-7-openjdk-amd64/jre/lib/amd64/server/libjvm.so
7f88d3868000-7f88d3896000 rw-p 00000000 00:00 0 
7f88d3896000-7f88d38ae000 r-xp 00000000 08:09 920149                     /lib/x86_64-linux-gnu/libz.so.1.2.8
7f88d38ae000-7f88d3aad000 ---p 00018000 08:09 920149                     /lib/x86_64-linux-gnu/libz.so.1.2.8
7f88d3aad000-7f88d3aae000 r--p 00017000 08:09 920149                     /lib/x86_64-linux-gnu/libz.so.1.2.8
7f88d3aae000-7f88d3aaf000 rw-p 00018000 08:09 920149                     /lib/x86_64-linux-gnu/libz.so.1.2.8
7f88d3aaf000-7f88d3ac8000 r-xp 00000000 08:09 924510                     /lib/x86_64-linux-gnu/libpthread-2.19.so
7f88d3ac8000-7f88d3cc7000 ---p 00019000 08:09 924510                     /lib/x86_64-linux-gnu/libpthread-2.19.so
7f88d3cc7000-7f88d3cc8000 r--p 00018000 08:09 924510                     /lib/x86_64-linux-gnu/libpthread-2.19.so
7f88d3cc8000-7f88d3cc9000 rw-p 00019000 08:09 924510                     /lib/x86_64-linux-gnu/libpthread-2.19.so
7f88d3cc9000-7f88d3ccd000 rw-p 00000000 00:00 0 
7f88d3ccd000-7f88d3cd0000 r-xp 00000000 08:09 924498                     /lib/x86_64-linux-gnu/libdl-2.19.so
7f88d3cd0000-7f88d3ecf000 ---p 00003000 08:09 924498                     /lib/x86_64-linux-gnu/libdl-2.19.so
7f88d3ecf000-7f88d3ed0000 r--p 00002000 08:09 924498                     /lib/x86_64-linux-gnu/libdl-2.19.so
7f88d3ed0000-7f88d3ed1000 rw-p 00003000 08:09 924498                     /lib/x86_64-linux-gnu/libdl-2.19.so
7f88d3ed1000-7f88d408c000 r-xp 00000000 08:09 924509                     /lib/x86_64-linux-gnu/libc-2.19.so
7f88d408c000-7f88d428b000 ---p 001bb000 08:09 924509                     /lib/x86_64-linux-gnu/libc-2.19.so
7f88d428b000-7f88d428f000 r--p 001ba000 08:09 924509                     /lib/x86_64-linux-gnu/libc-2.19.so
7f88d428f000-7f88d4291000 rw-p 001be000 08:09 924509                     /lib/x86_64-linux-gnu/libc-2.19.so
7f88d4291000-7f88d4296000 rw-p 00000000 00:00 0 
7f88d4296000-7f88d42a3000 r-xp 00000000 08:09 816898                     /usr/lib/jvm/java-7-openjdk-amd64/jre/lib/amd64/jli/libjli.so
7f88d42a3000-7f88d44a2000 ---p 0000d000 08:09 816898                     /usr/lib/jvm/java-7-openjdk-amd64/jre/lib/amd64/jli/libjli.so
7f88d44a2000-7f88d44a3000 r--p 0000c000 08:09 816898                     /usr/lib/jvm/java-7-openjdk-amd64/jre/lib/amd64/jli/libjli.so
7f88d44a3000-7f88d44a4000 rw-p 0000d000 08:09 816898                     /usr/lib/jvm/java-7-openjdk-amd64/jre/lib/amd64/jli/libjli.so
7f88d44a4000-7f88d44c7000 r-xp 00000000 08:09 924506                     /lib/x86_64-linux-gnu/ld-2.19.so
7f88d44ce000-7f88d44dd000 r--s 000df000 08:09 682822                     /home/alif/Documents/android-sdk-linux/build-tools/23.0.1/lib/dx.jar
7f88d44dd000-7f88d44e7000 rw-p 00000000 00:00 0 
7f88d44e7000-7f88d459d000 rw-p 00000000 00:00 0 
7f88d459d000-7f88d45a0000 ---p 00000000 00:00 0 
7f88d45a0000-7f88d46a3000 rw-p 00000000 00:00 0                          [stack:14447]
7f88d46a5000-7f88d46a6000 rw-p 00000000 00:00 0 
7f88d46a6000-7f88d46aa000 r--s 0003c000 08:09 811004                     /usr/lib/jvm/java-7-openjdk-amd64/jre/lib/ext/sunpkcs11.jar
7f88d46aa000-7f88d46ae000 r--s 00034000 08:09 811002                     /usr/lib/jvm/java-7-openjdk-amd64/jre/lib/ext/sunjce_provider.jar
7f88d46ae000-7f88d46af000 r--s 00002000 08:09 811000                     /usr/lib/jvm/java-7-openjdk-amd64/jre/lib/ext/dnsns.jar
7f88d46af000-7f88d46b3000 r--s 00085000 08:09 810999                     /usr/lib/jvm/java-7-openjdk-amd64/jre/lib/ext/localedata.jar
7f88d46b3000-7f88d46b6000 r--s 0000f000 08:09 811005                     /usr/lib/jvm/java-7-openjdk-amd64/jre/lib/ext/icedtea-sound.jar
7f88d46b6000-7f88d46b8000 r--s 00012000 08:09 811006                     /usr/lib/jvm/java-7-openjdk-amd64/jre/lib/ext/zipfs.jar
7f88d46b8000-7f88d46ba000 r--s 00006000 08:09 806755                     /usr/share/java/java-atk-wrapper.jar
7f88d46ba000-7f88d46c2000 rw-s 00000000 08:09 1580600                    /tmp/hsperfdata_alif/14426
7f88d46c2000-7f88d46c3000 rw-p 00000000 00:00 0 
7f88d46c3000-7f88d46c4000 ---p 00000000 00:00 0 
7f88d46c4000-7f88d46c6000 rw-p 00000000 00:00 0 
7f88d46c6000-7f88d46c7000 r--p 00022000 08:09 924506                     /lib/x86_64-linux-gnu/ld-2.19.so
7f88d46c7000-7f88d46c8000 rw-p 00023000 08:09 924506                     /lib/x86_64-linux-gnu/ld-2.19.so
7f88d46c8000-7f88d46c9000 rw-p 00000000 00:00 0 
7fff55e24000-7fff55e45000 rw-p 00000000 00:00 0                          [stack]
7fff55f98000-7fff55f9a000 r-xp 00000000 00:00 0                          [vdso]
ffffffffff600000-ffffffffff601000 r-xp 00000000 00:00 0                  [vsyscall]

VM Arguments:
jvm_args: -Djava.awt.headless=true -Xmx1024M -Dfile.encoding=UTF-8 -Duser.country=US -Duser.language=en -Duser.variant 
java_command: com.android.dx.command.Main --dex --num-threads=4 --output /home/alif/AndroidStudioProjects/MyNote++/app/build/intermediates/pre-dexed/debug/com.android.support-support-v4-23.1.1_7f151ca90625536f61f5f004763ba070ff0c238e.jar /home/alif/AndroidStudioProjects/MyNote++/app/build/intermediates/exploded-aar/com.android.support/support-v4/23.1.1/jars/classes.jar
Launcher Type: SUN_STANDARD

Environment Variables:
PATH=/usr/local/sbin:/usr/local/bin:/usr/sbin:/usr/bin:/sbin:/bin:/usr/games:/usr/local/games
SHELL=/bin/bash
DISPLAY=:0

Signal Handlers:
SIGSEGV: [libjvm.so+0x94bab0], sa_mask[0]=0x7ffbfeff, sa_flags=0x10000004
SIGBUS: [libjvm.so+0x94bab0], sa_mask[0]=0x7ffbfeff, sa_flags=0x10000004
SIGFPE: [libjvm.so+0x7c38b0], sa_mask[0]=0x7ffbfeff, sa_flags=0x10000004
SIGPIPE: [libjvm.so+0x7c38b0], sa_mask[0]=0x7ffbfeff, sa_flags=0x10000004
SIGXFSZ: [libjvm.so+0x7c38b0], sa_mask[0]=0x7ffbfeff, sa_flags=0x10000004
SIGILL: [libjvm.so+0x7c38b0], sa_mask[0]=0x7ffbfeff, sa_flags=0x10000004
SIGUSR1: SIG_DFL, sa_mask[0]=0x00000000, sa_flags=0x00000000
SIGUSR2: [libjvm.so+0x7c3750], sa_mask[0]=0x00000004, sa_flags=0x10000004
SIGHUP: [libjvm.so+0x7c3930], sa_mask[0]=0x7ffbfeff, sa_flags=0x10000004
SIGINT: [libjvm.so+0x7c3930], sa_mask[0]=0x7ffbfeff, sa_flags=0x10000004
SIGTERM: [libjvm.so+0x7c3930], sa_mask[0]=0x7ffbfeff, sa_flags=0x10000004
SIGQUIT: [libjvm.so+0x7c3930], sa_mask[0]=0x7ffbfeff, sa_flags=0x10000004
SIGTRAP: SIG_DFL, sa_mask[0]=0x00000000, sa_flags=0x00000000


---------------  S Y S T E M  ---------------

OS:Ubuntu 14.04 (trusty)
uname:Linux 3.13.0-48-generic #80-Ubuntu SMP Thu Mar 12 11:16:15 UTC 2015 x86_64
libc:glibc 2.19 NPTL 2.19 
rlimit: STACK 8192k, CORE 0k, NPROC 30406, NOFILE 4096, AS infinity
load average:9,09 3,00 1,53

/proc/meminfo:
MemTotal:        3913712 kB
MemFree:          125308 kB
Buffers:             972 kB
Cached:           362628 kB
SwapCached:        19516 kB
Active:          2611300 kB
Inactive:        1000980 kB
Active(anon):    2598880 kB
Inactive(anon):   961208 kB
Active(file):      12420 kB
Inactive(file):    39772 kB
Unevictable:          80 kB
Mlocked:              80 kB
SwapTotal:        999420 kB
SwapFree:            508 kB
Dirty:              2076 kB
Writeback:             0 kB
AnonPages:       3229776 kB
Mapped:            54712 kB
Shmem:            311020 kB
Slab:              81180 kB
SReclaimable:      44752 kB
SUnreclaim:        36428 kB
KernelStack:        5416 kB
PageTables:        38020 kB
NFS_Unstable:          0 kB
Bounce:                0 kB
WritebackTmp:          0 kB
CommitLimit:     2956276 kB
Committed_AS:    8378860 kB
VmallocTotal:   34359738367 kB
VmallocUsed:      349140 kB
VmallocChunk:   34359382652 kB
HardwareCorrupted:     0 kB
AnonHugePages:   1263616 kB
HugePages_Total:       0
HugePages_Free:        0
HugePages_Rsvd:        0
HugePages_Surp:        0
Hugepagesize:       2048 kB
DirectMap4k:      136440 kB
DirectMap2M:     3923968 kB


CPU:total 4 (2 cores per cpu, 2 threads per core) family 6 model 58 stepping 9, cmov, cx8, fxsr, mmx, sse, sse2, sse3, ssse3, sse4.1, sse4.2, popcnt, avx, erms, ht, tsc, tscinvbit, tscinv

/proc/cpuinfo:
processor	: 0
vendor_id	: GenuineIntel
cpu family	: 6
model		: 58
model name	: Intel(R) Core(TM) i3-3120M CPU @ 2.50GHz
stepping	: 9
microcode	: 0x15
cpu MHz		: 1200.000
cache size	: 3072 KB
physical id	: 0
siblings	: 4
core id		: 0
cpu cores	: 2
apicid		: 0
initial apicid	: 0
fpu		: yes
fpu_exception	: yes
cpuid level	: 13
wp		: yes
flags		: fpu vme de pse tsc msr pae mce cx8 apic sep mtrr pge mca cmov pat pse36 clflush dts acpi mmx fxsr sse sse2 ss ht tm pbe syscall nx rdtscp lm constant_tsc arch_perfmon pebs bts rep_good nopl xtopology nonstop_tsc aperfmperf eagerfpu pni pclmulqdq dtes64 monitor ds_cpl vmx est tm2 ssse3 cx16 xtpr pdcm pcid sse4_1 sse4_2 x2apic popcnt tsc_deadline_timer xsave avx f16c lahf_lm arat epb xsaveopt pln pts dtherm tpr_shadow vnmi flexpriority ept vpid fsgsbase smep erms
bogomips	: 4988.82
clflush size	: 64
cache_alignment	: 64
address sizes	: 36 bits physical, 48 bits virtual
power management:

processor	: 1
vendor_id	: GenuineIntel
cpu family	: 6
model		: 58
model name	: Intel(R) Core(TM) i3-3120M CPU @ 2.50GHz
stepping	: 9
microcode	: 0x15
cpu MHz		: 2500.000
cache size	: 3072 KB
physical id	: 0
siblings	: 4
core id		: 0
cpu cores	: 2
apicid		: 1
initial apicid	: 1
fpu		: yes
fpu_exception	: yes
cpuid level	: 13
wp		: yes
flags		: fpu vme de pse tsc msr pae mce cx8 apic sep mtrr pge mca cmov pat pse36 clflush dts acpi mmx fxsr sse sse2 ss ht tm pbe syscall nx rdtscp lm constant_tsc arch_perfmon pebs bts rep_good nopl xtopology nonstop_tsc aperfmperf eagerfpu pni pclmulqdq dtes64 monitor ds_cpl vmx est tm2 ssse3 cx16 xtpr pdcm pcid sse4_1 sse4_2 x2apic popcnt tsc_deadline_timer xsave avx f16c lahf_lm arat epb xsaveopt pln pts dtherm tpr_shadow vnmi flexpriority ept vpid fsgsbase smep erms
bogomips	: 4988.82
clflush size	: 64
cache_alignment	: 64
address sizes	: 36 bits physical, 48 bits virtual
power management:

processor	: 2
vendor_id	: GenuineIntel
cpu family	: 6
model		: 58
model name	: Intel(R) Core(TM) i3-3120M CPU @ 2.50GHz
stepping	: 9
microcode	: 0x15
cpu MHz		: 2500.000
cache size	: 3072 KB
physical id	: 0
siblings	: 4
core id		: 1
cpu cores	: 2
apicid		: 2
initial apicid	: 2
fpu		: yes
fpu_exception	: yes
cpuid level	: 13
wp		: yes
flags		: fpu vme de pse tsc msr pae mce cx8 apic sep mtrr pge mca cmov pat pse36 clflush dts acpi mmx fxsr sse sse2 ss ht tm pbe syscall nx rdtscp lm constant_tsc arch_perfmon pebs bts rep_good nopl xtopology nonstop_tsc aperfmperf eagerfpu pni pclmulqdq dtes64 monitor ds_cpl vmx est tm2 ssse3 cx16 xtpr pdcm pcid sse4_1 sse4_2 x2apic popcnt tsc_deadline_timer xsave avx f16c lahf_lm arat epb xsaveopt pln pts dtherm tpr_shadow vnmi flexpriority ept vpid fsgsbase smep erms
bogomips	: 4988.82
clflush size	: 64
cache_alignment	: 64
address sizes	: 36 bits physical, 48 bits virtual
power management:

processor	: 3
vendor_id	: GenuineIntel
cpu family	: 6
model		: 58
model name	: Intel(R) Core(TM) i3-3120M CPU @ 2.50GHz
stepping	: 9
microcode	: 0x15
cpu MHz		: 1200.000
cache size	: 3072 KB
physical id	: 0
siblings	: 4
core id		: 1
cpu cores	: 2
apicid		: 3
initial apicid	: 3
fpu		: yes
fpu_exception	: yes
cpuid level	: 13
wp		: yes
flags		: fpu vme de pse tsc msr pae mce cx8 apic sep mtrr pge mca cmov pat pse36 clflush dts acpi mmx fxsr sse sse2 ss ht tm pbe syscall nx rdtscp lm constant_tsc arch_perfmon pebs bts rep_good nopl xtopology nonstop_tsc aperfmperf eagerfpu pni pclmulqdq dtes64 monitor ds_cpl vmx est tm2 ssse3 cx16 xtpr pdcm pcid sse4_1 sse4_2 x2apic popcnt tsc_deadline_timer xsave avx f16c lahf_lm arat epb xsaveopt pln pts dtherm tpr_shadow vnmi flexpriority ept vpid fsgsbase smep erms
bogomips	: 4988.82
clflush size	: 64
cache_alignment	: 64
address sizes	: 36 bits physical, 48 bits virtual
power management:



Memory: 4k page, physical 3913712k(125308k free), swap 999420k(508k free)

vm_info: OpenJDK 64-Bit Server VM (24.79-b02) for linux-amd64 JRE (1.7.0_79-b14), built on Jul 24 2015 08:15:54 by "buildd" with gcc 4.8.2

time: Tue Dec 29 22:42:53 2015
elapsed time: 35 seconds

